<?xml version="1.0" encoding="UTF-8"?>
<!-- Generated by org.testng.reporters.JUnitReportReporter -->
<testsuite name="com.newtours.selenium.homepage.TC001" tests="1" time="26.042" ignored="0" failures="0" timestamp="25 Jun 2019 16:51:21 GMT" skipped="0" hostname="Lenovo-PC" errors="0">
  <testcase name="TC001" time="26.042" classname="com.newtours.selenium.homepage.TC001"/>
</testsuite> <!-- com.newtours.selenium.homepage.TC001 -->
